0 info it worked if it ends with ok
1 verbose cli [ '/home/sepiropht/.nvm/versions/node/v7.7.1/bin/node',
1 verbose cli   '/home/sepiropht/.nvm/versions/node/v7.7.1/bin/npm',
1 verbose cli   'run',
1 verbose cli   'dev' ]
2 info using npm@4.1.2
3 info using node@v7.7.1
4 verbose run-script [ 'predev', 'dev', 'postdev' ]
5 info lifecycle next-test@1.0.0~predev: next-test@1.0.0
6 silly lifecycle next-test@1.0.0~predev: no script for predev, continuing
7 info lifecycle next-test@1.0.0~dev: next-test@1.0.0
8 verbose lifecycle next-test@1.0.0~dev: unsafe-perm in lifecycle true
9 verbose lifecycle next-test@1.0.0~dev: PATH: /home/sepiropht/.nvm/versions/node/v7.7.1/lib/node_modules/npm/bin/node-gyp-bin:/home/sepiropht/src/next-test/node_modules/.bin:/home/sepiropht/.nvm/versions/node/v7.7.1/bin:/usr/local/sbin:/usr/local/bin:/usr/sbin:/usr/bin:/sbin:/bin:/usr/games:/usr/local/games:/snap/bin
10 verbose lifecycle next-test@1.0.0~dev: CWD: /home/sepiropht/src/next-test
11 silly lifecycle next-test@1.0.0~dev: Args: [ '-c', 'node ./src/index.js' ]
12 silly lifecycle next-test@1.0.0~dev: Returned: code: 1  signal: null
13 info lifecycle next-test@1.0.0~dev: Failed to exec dev script
14 verbose stack Error: next-test@1.0.0 dev: `node ./src/index.js`
14 verbose stack Exit status 1
14 verbose stack     at EventEmitter.<anonymous> (/home/sepiropht/.nvm/versions/node/v7.7.1/lib/node_modules/npm/lib/utils/lifecycle.js:279:16)
14 verbose stack     at emitTwo (events.js:106:13)
14 verbose stack     at EventEmitter.emit (events.js:194:7)
14 verbose stack     at ChildProcess.<anonymous> (/home/sepiropht/.nvm/versions/node/v7.7.1/lib/node_modules/npm/lib/utils/spawn.js:40:14)
14 verbose stack     at emitTwo (events.js:106:13)
14 verbose stack     at ChildProcess.emit (events.js:194:7)
14 verbose stack     at maybeClose (internal/child_process.js:899:16)
14 verbose stack     at Process.ChildProcess._handle.onexit (internal/child_process.js:226:5)
15 verbose pkgid next-test@1.0.0
16 verbose cwd /home/sepiropht/src/next-test
17 error Linux 4.4.0-78-generic
18 error argv "/home/sepiropht/.nvm/versions/node/v7.7.1/bin/node" "/home/sepiropht/.nvm/versions/node/v7.7.1/bin/npm" "run" "dev"
19 error node v7.7.1
20 error npm  v4.1.2
21 error code ELIFECYCLE
22 error next-test@1.0.0 dev: `node ./src/index.js`
22 error Exit status 1
23 error Failed at the next-test@1.0.0 dev script 'node ./src/index.js'.
23 error Make sure you have the latest version of node.js and npm installed.
23 error If you do, this is most likely a problem with the next-test package,
23 error not with npm itself.
23 error Tell the author that this fails on your system:
23 error     node ./src/index.js
23 error You can get information on how to open an issue for this project with:
23 error     npm bugs next-test
23 error Or if that isn't available, you can get their info via:
23 error     npm owner ls next-test
23 error There is likely additional logging output above.
24 verbose exit [ 1, true ]
